<?xml version="1.0" encoding="UTF-8" ?>
<testsuite tests="3" failures="0" name="homeScreenTest" time="21.66" errors="0" skipped="0">
  <properties>
    <property name="java.vendor" value="Oracle Corporation"/>
    <property name="JOB_NAME" value="ajeAndroidSauceLab"/>
    <property name="PWD" value="/Users/manoj"/>
    <property name="sun.java.launcher" value="SUN_STANDARD"/>
    <property name="sun.management.compiler" value="HotSpot 64-Bit Tiered Compilers"/>
    <property name="JENKINS_HOME" value="/Users/manoj/.jenkins"/>
    <property name="PATH" value="/Library/Java/JavaVirtualMachines/jdk1.8.0_172.jdk/Contents/Home/bin:/Users/manoj/.rvm/gems/ruby-2.4.1/bin:/Users/manoj/.rvm/gems/ruby-2.4.1@global/bin:/Users/manoj/.rvm/rubies/ruby-2.4.1/bin:/Users/manoj/Library/Android/sdk/tools:/Users/manoj/Library/Android/sdk/platform-tools:/Users/manoj/Library/Android/sdk/build-tools:/Library/Java/JavaVirtualMachines/jdk1.8.0_172.jdk/Contents/Home/bin:/usr/local/bin:/usr/bin:/bin:/usr/sbin:/sbin:/Users/manoj/.rvm/bin"/>
    <property name="HUDSON_SERVER_COOKIE" value="9dec247273f31b5b"/>
    <property name="POM_ARTIFACTID" value="ajeAndroidSauceLabAutomation"/>
    <property name="os.name" value="Mac OS X"/>
    <property name="TERM_PROGRAM" value="Apple_Terminal"/>
    <property name="sun.boot.class.path" value="/Library/Java/JavaVirtualMachines/jdk1.8.0_172.jdk/Contents/Home/jre/lib/resources.jar:/Library/Java/JavaVirtualMachines/jdk1.8.0_172.jdk/Contents/Home/jre/lib/rt.jar:/Library/Java/JavaVirtualMachines/jdk1.8.0_172.jdk/Contents/Home/jre/lib/sunrsasign.jar:/Library/Java/JavaVirtualMachines/jdk1.8.0_172.jdk/Contents/Home/jre/lib/jsse.jar:/Library/Java/JavaVirtualMachines/jdk1.8.0_172.jdk/Contents/Home/jre/lib/jce.jar:/Library/Java/JavaVirtualMachines/jdk1.8.0_172.jdk/Contents/Home/jre/lib/charsets.jar:/Library/Java/JavaVirtualMachines/jdk1.8.0_172.jdk/Contents/Home/jre/lib/jfr.jar:/Library/Java/JavaVirtualMachines/jdk1.8.0_172.jdk/Contents/Home/jre/classes"/>
    <property name="EXECUTOR_NUMBER" value="0"/>
    <property name="TERM_SESSION_ID" value="18EF94AE-2218-44C2-896D-6E9306312085"/>
    <property name="java.vm.specification.vendor" value="Oracle Corporation"/>
    <property name="POM_DISPLAYNAME" value="ajeAndroidSauceLabAutomation"/>
    <property name="NODE_LABELS" value="master"/>
    <property name="java.runtime.version" value="1.8.0_172-b11"/>
    <property name="rvm_version" value="1.29.3 (latest)"/>
    <property name="user.name" value="manoj"/>
    <property name="guice.disable.misplaced.annotation.check" value="true"/>
    <property name="user.language" value="en"/>
    <property name="JOB_BASE_NAME" value="ajeAndroidSauceLab"/>
    <property name="RUN_CHANGES_DISPLAY_URL" value="http://localhost:9090/job/ajeAndroidSauceLab/2/display/redirect?page=changes"/>
    <property name="M2" value="/Users/manoj/apache-maven-3.5.4/bin"/>
    <property name="BUILD_DISPLAY_NAME" value="#2"/>
    <property name="TMPDIR" value="/var/folders/5l/1srkxxqj2mj4y6pqk66n6r8c0000gp/T/"/>
    <property name="sun.boot.library.path" value="/Library/Java/JavaVirtualMachines/jdk1.8.0_172.jdk/Contents/Home/jre/lib"/>
    <property name="rvm_prefix" value="/Users/manoj"/>
    <property name="java.version" value="1.8.0_172"/>
    <property name="XPC_FLAGS" value="0x0"/>
    <property name="user.timezone" value="Asia/Qatar"/>
    <property name="sun.arch.data.model" value="64"/>
    <property name="NODE_NAME" value="master"/>
    <property name="TERM" value="xterm-256color"/>
    <property name="http.nonProxyHosts" value="local|*.local|169.254/16|*.169.254/16"/>
    <property name="java.endorsed.dirs" value="/Library/Java/JavaVirtualMachines/jdk1.8.0_172.jdk/Contents/Home/jre/lib/endorsed"/>
    <property name="BUILD_ID" value="2"/>
    <property name="sun.cpu.isalist" value=""/>
    <property name="sun.jnu.encoding" value="UTF-8"/>
    <property name="file.encoding.pkg" value="sun.io"/>
    <property name="SHELL" value="/bin/bash"/>
    <property name="file.separator" value="/"/>
    <property name="java.specification.name" value="Java Platform API Specification"/>
    <property name="maven.conf" value="/usr/local/Cellar/maven/3.5.4/libexec/conf"/>
    <property name="java.class.version" value="52.0"/>
    <property name="org.slf4j.simpleLogger.defaultLogLevel" value="info"/>
    <property name="user.country" value="IN"/>
    <property name="java.home" value="/Library/Java/JavaVirtualMachines/jdk1.8.0_172.jdk/Contents/Home/jre"/>
    <property name="java.vm.info" value="mixed mode"/>
    <property name="os.version" value="10.13.6"/>
    <property name="RUN_DISPLAY_URL" value="http://localhost:9090/job/ajeAndroidSauceLab/2/display/redirect"/>
    <property name="POM_VERSION" value="1.0-SNAPSHOT"/>
    <property name="sun.font.fontmanager" value="sun.font.CFontManager"/>
    <property name="path.separator" value=":"/>
    <property name="java.vm.version" value="25.172-b11"/>
    <property name="GEM_HOME" value="/Users/manoj/.rvm/gems/ruby-2.4.1"/>
    <property name="JOB_DISPLAY_URL" value="http://localhost:9090/job/ajeAndroidSauceLab/display/redirect"/>
    <property name="SHLVL" value="1"/>
    <property name="_" value="/Library/Java/JavaVirtualMachines/jdk1.8.0_172.jdk/Contents/Home/bin/java"/>
    <property name="java.awt.printerjob" value="sun.lwawt.macosx.CPrinterJob"/>
    <property name="JAVA_HOME" value="/Library/Java/JavaVirtualMachines/jdk1.8.0_172.jdk/Contents/Home"/>
    <property name="sun.io.unicode.encoding" value="UnicodeBig"/>
    <property name="awt.toolkit" value="sun.lwawt.macosx.LWCToolkit"/>
    <property name="LOGNAME" value="manoj"/>
    <property name="socksNonProxyHosts" value="local|*.local|169.254/16|*.169.254/16"/>
    <property name="POM_PACKAGING" value="jar"/>
    <property name="ftp.nonProxyHosts" value="local|*.local|169.254/16|*.169.254/16"/>
    <property name="HOME" value="/Users/manoj"/>
    <property name="POM_GROUPID" value="com.aljazeera"/>
    <property name="user.home" value="/Users/manoj"/>
    <property name="BUILD_TAG" value="jenkins-ajeAndroidSauceLab-2"/>
    <property name="JENKINS_SERVER_COOKIE" value="9dec247273f31b5b"/>
    <property name="HUDSON_URL" value="http://localhost:9090/"/>
    <property name="XPC_SERVICE_NAME" value="0"/>
    <property name="java.specification.vendor" value="Oracle Corporation"/>
    <property name="CLASSPATH" value=""/>
    <property name="java.vendor.url" value="http://java.oracle.com/"/>
    <property name="java.library.path" value="/Users/manoj/Library/Java/Extensions:/Library/Java/Extensions:/Network/Library/Java/Extensions:/System/Library/Java/Extensions:/usr/lib/java:."/>
    <property name="JAVA_MAIN_CLASS_14894" value="Main"/>
    <property name="_system_arch" value="x86_64"/>
    <property name="Apple_PubSub_Socket_Render" value="/private/tmp/com.apple.launchd.MegSJGPTNv/Render"/>
    <property name="gopherProxySet" value="false"/>
    <property name="java.vm.vendor" value="Oracle Corporation"/>
    <property name="java.runtime.name" value="Java(TM) SE Runtime Environment"/>
    <property name="_system_version" value="10.13"/>
    <property name="maven.home" value="/usr/local/Cellar/maven/3.5.4/libexec"/>
    <property name="java.class.path" value="/Users/manoj/.jenkins/plugins/maven-plugin/WEB-INF/lib/maven35-agent-1.12-alpha-1.jar:/usr/local/Cellar/maven/3.5.4/libexec/boot/plexus-classworlds-2.5.2.jar:/usr/local/Cellar/maven/3.5.4/libexec/conf/logging"/>
    <property name="sun.java.command" value="jenkins.maven3.agent.Maven35Main /usr/local/Cellar/maven/3.5.4/libexec /Users/manoj/.jenkins/war/WEB-INF/lib/remoting-3.23.jar /Users/manoj/.jenkins/plugins/maven-plugin/WEB-INF/lib/maven35-interceptor-1.12-alpha-1.jar /Users/manoj/.jenkins/plugins/maven-plugin/WEB-INF/lib/maven3-interceptor-commons-1.12-alpha-1.jar 52898"/>
    <property name="IRBRC" value="/Users/manoj/.rvm/rubies/ruby-2.4.1/.irbrc"/>
    <property name="java.vm.specification.name" value="Java Virtual Machine Specification"/>
    <property name="MY_RUBY_HOME" value="/Users/manoj/.rvm/rubies/ruby-2.4.1"/>
    <property name="PATH+JDK" value="/Library/Java/JavaVirtualMachines/jdk1.8.0_172.jdk/Contents/Home/bin"/>
    <property name="java.vm.specification.version" value="1.8"/>
    <property name="sun.os.patch.level" value="unknown"/>
    <property name="sun.cpu.endian" value="little"/>
    <property name="M2_HOME" value="/usr/local/Cellar/maven/3.5.4/libexec"/>
    <property name="java.io.tmpdir" value="/var/folders/5l/1srkxxqj2mj4y6pqk66n6r8c0000gp/T/"/>
    <property name="HUDSON_HOME" value="/Users/manoj/.jenkins"/>
    <property name="PATH+MAVEN" value="/usr/local/Cellar/maven/3.5.4/libexec/bin"/>
    <property name="RUBY_VERSION" value="ruby-2.4.1"/>
    <property name="java.vendor.url.bug" value="http://bugreport.sun.com/bugreport/"/>
    <property name="BUILD_URL" value="http://localhost:9090/job/ajeAndroidSauceLab/2/"/>
    <property name="OLDPWD" value="/Users/manoj"/>
    <property name="SSH_AUTH_SOCK" value="/private/tmp/com.apple.launchd.4fEe4bQqm1/Listeners"/>
    <property name="LC_CTYPE" value="UTF-8"/>
    <property name="MAVEN_OPTS" value="-Xms256m"/>
    <property name="rvm_path" value="/Users/manoj/.rvm"/>
    <property name="java.awt.graphicsenv" value="sun.awt.CGraphicsEnvironment"/>
    <property name="os.arch" value="x86_64"/>
    <property name="rvm_bin_path" value="/Users/manoj/.rvm/bin"/>
    <property name="_system_type" value="Darwin"/>
    <property name="java.ext.dirs" value="/Users/manoj/Library/Java/Extensions:/Library/Java/JavaVirtualMachines/jdk1.8.0_172.jdk/Contents/Home/jre/lib/ext:/Library/Java/Extensions:/Network/Library/Java/Extensions:/System/Library/Java/Extensions:/usr/lib/java"/>
    <property name="__CF_USER_TEXT_ENCODING" value="0x1F6:0x0:0x0"/>
    <property name="user.dir" value="/Users/manoj/IdeaProjects/ajeAndroidSauceLabAutomation"/>
    <property name="JOB_URL" value="http://localhost:9090/job/ajeAndroidSauceLab/"/>
    <property name="line.separator" value="
"/>
    <property name="MAVEN_HOME" value="/usr/local/Cellar/maven/3.5.4/libexec"/>
    <property name="java.vm.name" value="Java HotSpot(TM) 64-Bit Server VM"/>
    <property name="BUILD_NUMBER" value="2"/>
    <property name="ANDROID_HOME" value="/Users/manoj/Library/Android/sdk"/>
    <property name="JENKINS_URL" value="http://localhost:9090/"/>
    <property name="TERM_PROGRAM_VERSION" value="404"/>
    <property name="_system_name" value="OSX"/>
    <property name="file.encoding" value="UTF-8"/>
    <property name="maven3.interceptor" value="/Users/manoj/.jenkins/plugins/maven-plugin/WEB-INF/lib/maven35-interceptor-1.12-alpha-1.jar"/>
    <property name="WORKSPACE" value="/Users/manoj/.jenkins/workspace/ajeAndroidSauceLab"/>
    <property name="maven3.interceptor.common" value="/Users/manoj/.jenkins/plugins/maven-plugin/WEB-INF/lib/maven3-interceptor-commons-1.12-alpha-1.jar"/>
    <property name="GEM_PATH" value="/Users/manoj/.rvm/gems/ruby-2.4.1:/Users/manoj/.rvm/gems/ruby-2.4.1@global"/>
    <property name="java.specification.version" value="1.8"/>
    <property name="USER" value="manoj"/>
  </properties>
  <testcase classname="homeScreenTest" name="agreePrivacy" time="6.285"/>
  <testcase classname="homeScreenTest" name="testActionBars" time="5.963"/>
  <testcase classname="homeScreenTest" name="testUnivNavBar" time="9.412"/>
</testsuite>