<?xml version="1.0" encoding="UTF-8"?>
<!-- Generated by org.testng.reporters.JUnitReportReporter -->
<testsuite skipped="0" hostname="Manoj.local" name="homeScreenTest" tests="3" failures="0" timestamp="05 Aug 2018 14:18:16 GMT" time="21.660" errors="0">
  <testcase name="testUnivNavBar" time="9.413" classname="homeScreenTest"/>
  <testcase name="testActionBars" time="5.964" classname="homeScreenTest"/>
  <testcase name="agreePrivacy" time="6.283" classname="homeScreenTest"/>
</testsuite> <!-- homeScreenTest -->
